<?xml version="1.0" encoding="UTF-8"?>
<testng-results skipped="0" failed="1" total="1" passed="0">
  <reporter-output>
    <line>
      <![CDATA[Login to C4C Application]]>
    </line>
    <line>
      <![CDATA[Enter Username: Abhishek.Bahadur@colt.net]]>
    </line>
    <line>
      <![CDATA[Enter Password: Colt1234]]>
    </line>
    <line>
      <![CDATA[Click on Login Button]]>
    </line>
    <line>
      <![CDATA[Add new Quote from created opportunity]]>
    </line>
    <line>
      <![CDATA[Switching on CQP tab]]>
    </line>
    <line>
      <![CDATA[Enter description: Quote_Desc_6472]]>
    </line>
    <line>
      <![CDATA[Click on to AddProduct button]]>
    </line>
    <line>
      <![CDATA[Mouse move to EtherNet link]]>
    </line>
    <line>
      <![CDATA[Click on to Enternet Hub Product]]>
    </line>
    <line>
      <![CDATA[Verifying the title 'Model Configuration']]>
    </line>
    <line>
      <![CDATA[Adding Ethernet Hub Product]]>
    </line>
    <line>
      <![CDATA[Verifying the title 'Model Configuration']]>
    </line>
    <line>
      <![CDATA[<a href= 'D:/ColtRepo/ColtAutomation/colt_project/screenshots/testEthernetHubResiliencyManually2018-05-14-05-11-35.png'target='_blank' ><img src='D:/ColtRepo/ColtAutomation/colt_project/screenshots/testEthernetHubResiliencyManually2018-05-14-05-11-35.png'>testEthernetHubResiliencyManually2018-05-14-05-11-35</a>]]>
    </line>
    <line>
      <![CDATA[Before excel report-14_05_2018_17_11_40]]>
    </line>
  </reporter-output>
  <suite name="Default suite" duration-ms="185048" started-at="2018-05-14T11:38:34Z" finished-at="2018-05-14T11:41:39Z">
    <groups>
    </groups>
    <test name="Default test" duration-ms="185048" started-at="2018-05-14T11:38:34Z" finished-at="2018-05-14T11:41:39Z">
      <class name="com.scripts.FetchBuildingType">
        <test-method status="PASS" signature="before()[pri:0, instance:com.scripts.FetchBuildingType@15d0c81b]" name="before" is-config="true" duration-ms="153" started-at="2018-05-14T17:08:34Z" finished-at="2018-05-14T17:08:34Z">
          <reporter-output>
          </reporter-output>
        </test-method> <!-- before -->
        <test-method status="PASS" signature="startTest(java.lang.reflect.Method)[pri:0, instance:com.scripts.FetchBuildingType@15d0c81b]" name="startTest" is-config="true" duration-ms="2" started-at="2018-05-14T17:08:34Z" finished-at="2018-05-14T17:08:34Z">
          <params>
            <param index="0">
              <value>
                <![CDATA[public void com.scripts.FetchBuildingType.testEthernetHubResiliencyManually() throws java.lang.Exception]]>
              </value>
            </param>
          </params>
          <reporter-output>
          </reporter-output>
        </test-method> <!-- startTest -->
        <test-method status="FAIL" signature="testEthernetHubResiliencyManually()[pri:0, instance:com.scripts.FetchBuildingType@15d0c81b]" name="testEthernetHubResiliencyManually" duration-ms="180662" started-at="2018-05-14T17:08:34Z" finished-at="2018-05-14T17:11:35Z">
          <exception class="java.lang.NullPointerException">
            <full-stacktrace>
              <![CDATA[java.lang.NullPointerException
	at com.util.ExcelReader.getRows(ExcelReader.java:109)
	at com.scripts.FetchBuildingType.testEthernetHubResiliencyManually(FetchBuildingType.java:290)
	at sun.reflect.NativeMethodAccessorImpl.invoke0(Native Method)
	at sun.reflect.NativeMethodAccessorImpl.invoke(NativeMethodAccessorImpl.java:62)
	at sun.reflect.DelegatingMethodAccessorImpl.invoke(DelegatingMethodAccessorImpl.java:43)
	at java.lang.reflect.Method.invoke(Method.java:498)
	at org.testng.internal.MethodInvocationHelper.invokeMethod(MethodInvocationHelper.java:80)
	at org.testng.internal.Invoker.invokeMethod(Invoker.java:714)
	at org.testng.internal.Invoker.invokeTestMethod(Invoker.java:901)
	at org.testng.internal.Invoker.invokeTestMethods(Invoker.java:1231)
	at org.testng.internal.TestMethodWorker.invokeTestMethods(TestMethodWorker.java:127)
	at org.testng.internal.TestMethodWorker.run(TestMethodWorker.java:111)
	at org.testng.TestRunner.privateRun(TestRunner.java:767)
	at org.testng.TestRunner.run(TestRunner.java:617)
	at org.testng.SuiteRunner.runTest(SuiteRunner.java:334)
	at org.testng.SuiteRunner.runSequentially(SuiteRunner.java:329)
	at org.testng.SuiteRunner.privateRun(SuiteRunner.java:291)
	at org.testng.SuiteRunner.run(SuiteRunner.java:240)
	at org.testng.SuiteRunnerWorker.runSuite(SuiteRunnerWorker.java:52)
	at org.testng.SuiteRunnerWorker.run(SuiteRunnerWorker.java:86)
	at org.testng.TestNG.runSuitesSequentially(TestNG.java:1198)
	at org.testng.TestNG.runSuitesLocally(TestNG.java:1123)
	at org.testng.TestNG.run(TestNG.java:1031)
	at org.testng.remote.AbstractRemoteTestNG.run(AbstractRemoteTestNG.java:114)
	at org.testng.remote.RemoteTestNG.initAndRun(RemoteTestNG.java:251)
	at org.testng.remote.RemoteTestNG.main(RemoteTestNG.java:77)
]]>
            </full-stacktrace>
          </exception> <!-- java.lang.NullPointerException -->
          <reporter-output>
            <line>
              <![CDATA[Login to C4C Application]]>
            </line>
            <line>
              <![CDATA[Enter Username: Abhishek.Bahadur@colt.net]]>
            </line>
            <line>
              <![CDATA[Enter Password: Colt1234]]>
            </line>
            <line>
              <![CDATA[Click on Login Button]]>
            </line>
            <line>
              <![CDATA[Add new Quote from created opportunity]]>
            </line>
            <line>
              <![CDATA[Switching on CQP tab]]>
            </line>
            <line>
              <![CDATA[Enter description: Quote_Desc_6472]]>
            </line>
            <line>
              <![CDATA[Click on to AddProduct button]]>
            </line>
            <line>
              <![CDATA[Mouse move to EtherNet link]]>
            </line>
            <line>
              <![CDATA[Click on to Enternet Hub Product]]>
            </line>
            <line>
              <![CDATA[Verifying the title 'Model Configuration']]>
            </line>
            <line>
              <![CDATA[Adding Ethernet Hub Product]]>
            </line>
            <line>
              <![CDATA[Verifying the title 'Model Configuration']]>
            </line>
          </reporter-output>
        </test-method> <!-- testEthernetHubResiliencyManually -->
        <test-method status="PASS" signature="afterMethod(org.testng.ITestResult)[pri:0, instance:com.scripts.FetchBuildingType@15d0c81b]" name="afterMethod" is-config="true" duration-ms="4355" started-at="2018-05-14T17:11:35Z" finished-at="2018-05-14T17:11:39Z">
          <params>
            <param index="0">
              <value>
                <![CDATA[[TestResult name=testEthernetHubResiliencyManually status=FAILURE method=FetchBuildingType.testEthernetHubResiliencyManually()[pri:0, instance:com.scripts.FetchBuildingType@15d0c81b] output=Login to C4C Application]]]>
              </value>
            </param>
          </params>
          <reporter-output>
            <line>
              <![CDATA[<a href= 'D:/ColtRepo/ColtAutomation/colt_project/screenshots/testEthernetHubResiliencyManually2018-05-14-05-11-35.png'target='_blank' ><img src='D:/ColtRepo/ColtAutomation/colt_project/screenshots/testEthernetHubResiliencyManually2018-05-14-05-11-35.png'>testEthernetHubResiliencyManually2018-05-14-05-11-35</a>]]>
            </line>
          </reporter-output>
        </test-method> <!-- afterMethod -->
        <test-method status="FAIL" signature="tearDownSuite()[pri:0, instance:com.scripts.FetchBuildingType@15d0c81b]" name="tearDownSuite" is-config="true" duration-ms="0" started-at="2018-05-14T17:11:39Z" finished-at="2018-05-14T17:11:39Z">
          <exception class="java.lang.NoClassDefFoundError">
            <message>
              <![CDATA[org/jfree/util/PublicCloneable]]>
            </message>
            <full-stacktrace>
              <![CDATA[java.lang.NoClassDefFoundError: org/jfree/util/PublicCloneable
	at java.lang.ClassLoader.defineClass1(Native Method)
	at java.lang.ClassLoader.defineClass(ClassLoader.java:763)
	at java.security.SecureClassLoader.defineClass(SecureClassLoader.java:142)
	at java.net.URLClassLoader.defineClass(URLClassLoader.java:467)
	at java.net.URLClassLoader.access$100(URLClassLoader.java:73)
	at java.net.URLClassLoader$1.run(URLClassLoader.java:368)
	at java.net.URLClassLoader$1.run(URLClassLoader.java:362)
	at java.security.AccessController.doPrivileged(Native Method)
	at java.net.URLClassLoader.findClass(URLClassLoader.java:361)
	at java.lang.ClassLoader.loadClass(ClassLoader.java:424)
	at sun.misc.Launcher$AppClassLoader.loadClass(Launcher.java:335)
	at java.lang.ClassLoader.loadClass(ClassLoader.java:357)
	at org.automationtesting.excelreport.Xl.generateReport(Xl.java:308)
	at com.util.DriverTestCase.tearDownSuite(DriverTestCase.java:258)
	at sun.reflect.NativeMethodAccessorImpl.invoke0(Native Method)
	at sun.reflect.NativeMethodAccessorImpl.invoke(NativeMethodAccessorImpl.java:62)
	at sun.reflect.DelegatingMethodAccessorImpl.invoke(DelegatingMethodAccessorImpl.java:43)
	at java.lang.reflect.Method.invoke(Method.java:498)
	at org.testng.internal.MethodInvocationHelper.invokeMethod(MethodInvocationHelper.java:80)
	at org.testng.internal.Invoker.invokeConfigurationMethod(Invoker.java:564)
	at org.testng.internal.Invoker.invokeConfigurations(Invoker.java:213)
	at org.testng.internal.Invoker.invokeConfigurations(Invoker.java:138)
	at org.testng.SuiteRunner.privateRun(SuiteRunner.java:308)
	at org.testng.SuiteRunner.run(SuiteRunner.java:240)
	at org.testng.SuiteRunnerWorker.runSuite(SuiteRunnerWorker.java:52)
	at org.testng.SuiteRunnerWorker.run(SuiteRunnerWorker.java:86)
	at org.testng.TestNG.runSuitesSequentially(TestNG.java:1198)
	at org.testng.TestNG.runSuitesLocally(TestNG.java:1123)
	at org.testng.TestNG.run(TestNG.java:1031)
	at org.testng.remote.AbstractRemoteTestNG.run(AbstractRemoteTestNG.java:114)
	at org.testng.remote.RemoteTestNG.initAndRun(RemoteTestNG.java:251)
	at org.testng.remote.RemoteTestNG.main(RemoteTestNG.java:77)
Caused by: java.lang.ClassNotFoundException: org.jfree.util.PublicCloneable
	at java.net.URLClassLoader.findClass(URLClassLoader.java:381)
	at java.lang.ClassLoader.loadClass(ClassLoader.java:424)
	at sun.misc.Launcher$AppClassLoader.loadClass(Launcher.java:335)
	at java.lang.ClassLoader.loadClass(ClassLoader.java:357)
	... 32 more
]]>
            </full-stacktrace>
          </exception> <!-- java.lang.NoClassDefFoundError -->
          <reporter-output>
            <line>
              <![CDATA[Before excel report-14_05_2018_17_11_40]]>
            </line>
          </reporter-output>
        </test-method> <!-- tearDownSuite -->
      </class> <!-- com.scripts.FetchBuildingType -->
    </test> <!-- Default test -->
  </suite> <!-- Default suite -->
</testng-results>
