<?xml version="1.0" encoding="UTF-8"?>
<testng-results skipped="0" failed="1" total="1" passed="0">
  <reporter-output>
    <line>
      <![CDATA[Login to C4C Application]]>
    </line>
    <line>
      <![CDATA[Enter Username: Abhishek.Bahadur@colt.net]]>
    </line>
    <line>
      <![CDATA[Enter Password: Colt1234]]>
    </line>
    <line>
      <![CDATA[Click on Login Button]]>
    </line>
    <line>
      <![CDATA[Add new Quote from created opportunity]]>
    </line>
    <line>
      <![CDATA[Switching on CQP tab]]>
    </line>
    <line>
      <![CDATA[Verifying the title 'Transaction']]>
    </line>
    <line>
      <![CDATA[Enter Quote Details]]>
    </line>
    <line>
      <![CDATA[Type QuoteName: Quote_5398]]>
    </line>
    <line>
      <![CDATA[Quote ID: QT-20180504-031457-01]]>
    </line>
    <line>
      <![CDATA[Enter description: Quote_Desc_9661]]>
    </line>
    <line>
      <![CDATA[Verify All elements of quote detail page]]>
    </line>
    <line>
      <![CDATA[Click on to AddProduct button]]>
    </line>
    <line>
      <![CDATA[Mouse move to EtherNet link]]>
    </line>
    <line>
      <![CDATA[Click on to EnternetLine Product]]>
    </line>
    <line>
      <![CDATA[Verifying the title 'Model Configuration']]>
    </line>
    <line>
      <![CDATA[Adding EtherNet Line Product]]>
    </line>
    <line>
      <![CDATA[Enter Site A address: 3, Julius-Tandler-Platz, Vienna, Austria, 1090]]>
    </line>
    <line>
      <![CDATA[Enter Site B address: 27, Bahnsteggasse, Vienna, Austria, 1210]]>
    </line>
    <line>
      <![CDATA[Click on Update button then CheckConnectivity button]]>
    </line>
    <line>
      <![CDATA[Select Resiliency: Protected]]>
    </line>
    <line>
      <![CDATA[Select Random bandwidth from the dropdown]]>
    </line>
    <line>
      <![CDATA[<a href= 'D:/MyWorkRepo/MyTest/MyTest/Web/colt_project_swapnil/screenshots/regressionFlow_12018-05-04-05-47-33.png'target='_blank' ><img src='D:/MyWorkRepo/MyTest/MyTest/Web/colt_project_swapnil/screenshots/regressionFlow_12018-05-04-05-47-33.png'>regressionFlow_12018-05-04-05-47-33</a>]]>
    </line>
    <line>
      <![CDATA[Before excel report-04_05_2018_17_47_37]]>
    </line>
  </reporter-output>
  <suite name="Default suite" duration-ms="270875" started-at="2018-05-04T12:13:06Z" finished-at="2018-05-04T12:17:37Z">
    <groups>
    </groups>
    <test name="Default test" duration-ms="270875" started-at="2018-05-04T12:13:06Z" finished-at="2018-05-04T12:17:37Z">
      <class name="com.scripts.RegressionTest">
        <test-method status="PASS" signature="before()[pri:0, instance:com.scripts.RegressionTest@6895a785]" name="before" is-config="true" duration-ms="180" started-at="2018-05-04T17:43:06Z" finished-at="2018-05-04T17:43:06Z">
          <reporter-output>
          </reporter-output>
        </test-method> <!-- before -->
        <test-method status="PASS" signature="startTest(java.lang.reflect.Method)[pri:0, instance:com.scripts.RegressionTest@6895a785]" name="startTest" is-config="true" duration-ms="3" started-at="2018-05-04T17:43:06Z" finished-at="2018-05-04T17:43:06Z">
          <params>
            <param index="0">
              <value>
                <![CDATA[public void com.scripts.RegressionTest.regressionFlow_1() throws java.lang.Exception]]>
              </value>
            </param>
          </params>
          <reporter-output>
          </reporter-output>
        </test-method> <!-- startTest -->
        <test-method status="FAIL" signature="regressionFlow_1()[pri:0, instance:com.scripts.RegressionTest@6895a785]" name="regressionFlow_1" duration-ms="266558" started-at="2018-05-04T17:43:06Z" finished-at="2018-05-04T17:47:33Z">
          <exception class="org.openqa.selenium.ElementNotVisibleException">
            <message>
              <![CDATA[element not visible
  (Session info: chrome=65.0.3325.181)
  (Driver info: chromedriver=2.36.540470 (e522d04694c7ebea4ba8821272dbef4f9b818c91),platform=Windows NT 10.0.10240 x86_64) (WARNING: The server did not provide any stacktrace information)
Command duration or timeout: 15 milliseconds
Build info: version: '3.4.0', revision: 'unknown', time: 'unknown'
System info: host: '360NDCPC058', ip: '192.168.8.60', os.name: 'Windows 10', os.arch: 'amd64', os.version: '10.0', java.version: '1.8.0_144'
Driver info: org.openqa.selenium.chrome.ChromeDriver
Capabilities [{applicationCacheEnabled=false, rotatable=false, mobileEmulationEnabled=false, networkConnectionEnabled=false, chrome={chromedriverVersion=2.36.540470 (e522d04694c7ebea4ba8821272dbef4f9b818c91), userDataDir=C:\Users\ABHISH~1\AppData\Local\Temp\scoped_dir101592_24396}, takesHeapSnapshot=true, pageLoadStrategy=normal, databaseEnabled=false, handlesAlerts=true, hasTouchScreen=false, version=65.0.3325.181, platform=XP, browserConnectionEnabled=false, nativeEvents=true, acceptSslCerts=false, acceptInsecureCerts=false, locationContextEnabled=true, webStorageEnabled=true, browserName=chrome, takesScreenshot=true, javascriptEnabled=true, cssSelectorsEnabled=true, setWindowRect=true, unexpectedAlertBehaviour=}]
Session ID: a3a6b78e7cd2f24cb73aaf4ee547aef9]]>
            </message>
            <full-stacktrace>
              <![CDATA[org.openqa.selenium.ElementNotVisibleException: element not visible
  (Session info: chrome=65.0.3325.181)
  (Driver info: chromedriver=2.36.540470 (e522d04694c7ebea4ba8821272dbef4f9b818c91),platform=Windows NT 10.0.10240 x86_64) (WARNING: The server did not provide any stacktrace information)
Command duration or timeout: 15 milliseconds
Build info: version: '3.4.0', revision: 'unknown', time: 'unknown'
System info: host: '360NDCPC058', ip: '192.168.8.60', os.name: 'Windows 10', os.arch: 'amd64', os.version: '10.0', java.version: '1.8.0_144'
Driver info: org.openqa.selenium.chrome.ChromeDriver
Capabilities [{applicationCacheEnabled=false, rotatable=false, mobileEmulationEnabled=false, networkConnectionEnabled=false, chrome={chromedriverVersion=2.36.540470 (e522d04694c7ebea4ba8821272dbef4f9b818c91), userDataDir=C:\Users\ABHISH~1\AppData\Local\Temp\scoped_dir101592_24396}, takesHeapSnapshot=true, pageLoadStrategy=normal, databaseEnabled=false, handlesAlerts=true, hasTouchScreen=false, version=65.0.3325.181, platform=XP, browserConnectionEnabled=false, nativeEvents=true, acceptSslCerts=false, acceptInsecureCerts=false, locationContextEnabled=true, webStorageEnabled=true, browserName=chrome, takesScreenshot=true, javascriptEnabled=true, cssSelectorsEnabled=true, setWindowRect=true, unexpectedAlertBehaviour=}]
Session ID: a3a6b78e7cd2f24cb73aaf4ee547aef9
	at sun.reflect.NativeConstructorAccessorImpl.newInstance0(Native Method)
	at sun.reflect.NativeConstructorAccessorImpl.newInstance(Unknown Source)
	at sun.reflect.DelegatingConstructorAccessorImpl.newInstance(Unknown Source)
	at java.lang.reflect.Constructor.newInstance(Unknown Source)
	at org.openqa.selenium.remote.ErrorHandler.createThrowable(ErrorHandler.java:215)
	at org.openqa.selenium.remote.ErrorHandler.throwIfResponseFailed(ErrorHandler.java:167)
	at org.openqa.selenium.remote.RemoteWebDriver.execute(RemoteWebDriver.java:671)
	at org.openqa.selenium.remote.RemoteWebElement.execute(RemoteWebElement.java:272)
	at org.openqa.selenium.remote.RemoteWebElement.click(RemoteWebElement.java:82)
	at sun.reflect.NativeMethodAccessorImpl.invoke0(Native Method)
	at sun.reflect.NativeMethodAccessorImpl.invoke(Unknown Source)
	at sun.reflect.DelegatingMethodAccessorImpl.invoke(Unknown Source)
	at java.lang.reflect.Method.invoke(Unknown Source)
	at org.openqa.selenium.support.pagefactory.internal.LocatingElementHandler.invoke(LocatingElementHandler.java:51)
	at com.sun.proxy.$Proxy9.click(Unknown Source)
	at com.pages.Model_Configuration_Page.saveQuoteButton(Model_Configuration_Page.java:936)
	at com.scripts.RegressionTest.regressionFlow_1(RegressionTest.java:83)
	at sun.reflect.NativeMethodAccessorImpl.invoke0(Native Method)
	at sun.reflect.NativeMethodAccessorImpl.invoke(Unknown Source)
	at sun.reflect.DelegatingMethodAccessorImpl.invoke(Unknown Source)
	at java.lang.reflect.Method.invoke(Unknown Source)
	at org.testng.internal.MethodInvocationHelper.invokeMethod(MethodInvocationHelper.java:80)
	at org.testng.internal.Invoker.invokeMethod(Invoker.java:714)
	at org.testng.internal.Invoker.invokeTestMethod(Invoker.java:901)
	at org.testng.internal.Invoker.invokeTestMethods(Invoker.java:1231)
	at org.testng.internal.TestMethodWorker.invokeTestMethods(TestMethodWorker.java:127)
	at org.testng.internal.TestMethodWorker.run(TestMethodWorker.java:111)
	at org.testng.TestRunner.privateRun(TestRunner.java:767)
	at org.testng.TestRunner.run(TestRunner.java:617)
	at org.testng.SuiteRunner.runTest(SuiteRunner.java:334)
	at org.testng.SuiteRunner.runSequentially(SuiteRunner.java:329)
	at org.testng.SuiteRunner.privateRun(SuiteRunner.java:291)
	at org.testng.SuiteRunner.run(SuiteRunner.java:240)
	at org.testng.SuiteRunnerWorker.runSuite(SuiteRunnerWorker.java:52)
	at org.testng.SuiteRunnerWorker.run(SuiteRunnerWorker.java:86)
	at org.testng.TestNG.runSuitesSequentially(TestNG.java:1198)
	at org.testng.TestNG.runSuitesLocally(TestNG.java:1123)
	at org.testng.TestNG.run(TestNG.java:1031)
	at org.testng.remote.AbstractRemoteTestNG.run(AbstractRemoteTestNG.java:114)
	at org.testng.remote.RemoteTestNG.initAndRun(RemoteTestNG.java:251)
	at org.testng.remote.RemoteTestNG.main(RemoteTestNG.java:77)
]]>
            </full-stacktrace>
          </exception> <!-- org.openqa.selenium.ElementNotVisibleException -->
          <reporter-output>
            <line>
              <![CDATA[Login to C4C Application]]>
            </line>
            <line>
              <![CDATA[Enter Username: Abhishek.Bahadur@colt.net]]>
            </line>
            <line>
              <![CDATA[Enter Password: Colt1234]]>
            </line>
            <line>
              <![CDATA[Click on Login Button]]>
            </line>
            <line>
              <![CDATA[Add new Quote from created opportunity]]>
            </line>
            <line>
              <![CDATA[Switching on CQP tab]]>
            </line>
            <line>
              <![CDATA[Verifying the title 'Transaction']]>
            </line>
            <line>
              <![CDATA[Enter Quote Details]]>
            </line>
            <line>
              <![CDATA[Type QuoteName: Quote_5398]]>
            </line>
            <line>
              <![CDATA[Quote ID: QT-20180504-031457-01]]>
            </line>
            <line>
              <![CDATA[Enter description: Quote_Desc_9661]]>
            </line>
            <line>
              <![CDATA[Verify All elements of quote detail page]]>
            </line>
            <line>
              <![CDATA[Click on to AddProduct button]]>
            </line>
            <line>
              <![CDATA[Mouse move to EtherNet link]]>
            </line>
            <line>
              <![CDATA[Click on to EnternetLine Product]]>
            </line>
            <line>
              <![CDATA[Verifying the title 'Model Configuration']]>
            </line>
            <line>
              <![CDATA[Adding EtherNet Line Product]]>
            </line>
            <line>
              <![CDATA[Enter Site A address: 3, Julius-Tandler-Platz, Vienna, Austria, 1090]]>
            </line>
            <line>
              <![CDATA[Enter Site B address: 27, Bahnsteggasse, Vienna, Austria, 1210]]>
            </line>
            <line>
              <![CDATA[Click on Update button then CheckConnectivity button]]>
            </line>
            <line>
              <![CDATA[Select Resiliency: Protected]]>
            </line>
            <line>
              <![CDATA[Select Random bandwidth from the dropdown]]>
            </line>
          </reporter-output>
        </test-method> <!-- regressionFlow_1 -->
        <test-method status="PASS" signature="afterMethod(org.testng.ITestResult)[pri:0, instance:com.scripts.RegressionTest@6895a785]" name="afterMethod" is-config="true" duration-ms="4296" started-at="2018-05-04T17:47:33Z" finished-at="2018-05-04T17:47:37Z">
          <params>
            <param index="0">
              <value>
                <![CDATA[[TestResult name=regressionFlow_1 status=FAILURE method=RegressionTest.regressionFlow_1()[pri:0, instance:com.scripts.RegressionTest@6895a785] output=Login to C4C Application]]]>
              </value>
            </param>
          </params>
          <reporter-output>
            <line>
              <![CDATA[<a href= 'D:/MyWorkRepo/MyTest/MyTest/Web/colt_project_swapnil/screenshots/regressionFlow_12018-05-04-05-47-33.png'target='_blank' ><img src='D:/MyWorkRepo/MyTest/MyTest/Web/colt_project_swapnil/screenshots/regressionFlow_12018-05-04-05-47-33.png'>regressionFlow_12018-05-04-05-47-33</a>]]>
            </line>
          </reporter-output>
        </test-method> <!-- afterMethod -->
        <test-method status="FAIL" signature="tearDownSuite()[pri:0, instance:com.scripts.RegressionTest@6895a785]" name="tearDownSuite" is-config="true" duration-ms="0" started-at="2018-05-04T17:47:37Z" finished-at="2018-05-04T17:47:37Z">
          <exception class="java.lang.NoClassDefFoundError">
            <message>
              <![CDATA[org/jfree/util/PublicCloneable]]>
            </message>
            <full-stacktrace>
              <![CDATA[java.lang.NoClassDefFoundError: org/jfree/util/PublicCloneable
	at java.lang.ClassLoader.defineClass1(Native Method)
	at java.lang.ClassLoader.defineClass(Unknown Source)
	at java.security.SecureClassLoader.defineClass(Unknown Source)
	at java.net.URLClassLoader.defineClass(Unknown Source)
	at java.net.URLClassLoader.access$100(Unknown Source)
	at java.net.URLClassLoader$1.run(Unknown Source)
	at java.net.URLClassLoader$1.run(Unknown Source)
	at java.security.AccessController.doPrivileged(Native Method)
	at java.net.URLClassLoader.findClass(Unknown Source)
	at java.lang.ClassLoader.loadClass(Unknown Source)
	at sun.misc.Launcher$AppClassLoader.loadClass(Unknown Source)
	at java.lang.ClassLoader.loadClass(Unknown Source)
	at org.automationtesting.excelreport.Xl.generateReport(Xl.java:308)
	at com.util.DriverTestCase.tearDownSuite(DriverTestCase.java:258)
	at sun.reflect.NativeMethodAccessorImpl.invoke0(Native Method)
	at sun.reflect.NativeMethodAccessorImpl.invoke(Unknown Source)
	at sun.reflect.DelegatingMethodAccessorImpl.invoke(Unknown Source)
	at java.lang.reflect.Method.invoke(Unknown Source)
	at org.testng.internal.MethodInvocationHelper.invokeMethod(MethodInvocationHelper.java:80)
	at org.testng.internal.Invoker.invokeConfigurationMethod(Invoker.java:564)
	at org.testng.internal.Invoker.invokeConfigurations(Invoker.java:213)
	at org.testng.internal.Invoker.invokeConfigurations(Invoker.java:138)
	at org.testng.SuiteRunner.privateRun(SuiteRunner.java:308)
	at org.testng.SuiteRunner.run(SuiteRunner.java:240)
	at org.testng.SuiteRunnerWorker.runSuite(SuiteRunnerWorker.java:52)
	at org.testng.SuiteRunnerWorker.run(SuiteRunnerWorker.java:86)
	at org.testng.TestNG.runSuitesSequentially(TestNG.java:1198)
	at org.testng.TestNG.runSuitesLocally(TestNG.java:1123)
	at org.testng.TestNG.run(TestNG.java:1031)
	at org.testng.remote.AbstractRemoteTestNG.run(AbstractRemoteTestNG.java:114)
	at org.testng.remote.RemoteTestNG.initAndRun(RemoteTestNG.java:251)
	at org.testng.remote.RemoteTestNG.main(RemoteTestNG.java:77)
Caused by: java.lang.ClassNotFoundException: org.jfree.util.PublicCloneable
	at java.net.URLClassLoader.findClass(Unknown Source)
	at java.lang.ClassLoader.loadClass(Unknown Source)
	at sun.misc.Launcher$AppClassLoader.loadClass(Unknown Source)
	at java.lang.ClassLoader.loadClass(Unknown Source)
	... 32 more
]]>
            </full-stacktrace>
          </exception> <!-- java.lang.NoClassDefFoundError -->
          <reporter-output>
            <line>
              <![CDATA[Before excel report-04_05_2018_17_47_37]]>
            </line>
          </reporter-output>
        </test-method> <!-- tearDownSuite -->
      </class> <!-- com.scripts.RegressionTest -->
    </test> <!-- Default test -->
  </suite> <!-- Default suite -->
</testng-results>
