<?xml version="1.0" encoding="UTF-8"?>
<testng-results skipped="0" failed="0" total="1" passed="1">
  <reporter-output>
  </reporter-output>
  <suite name="Default suite" duration-ms="15581" started-at="2018-06-18T11:52:16Z" finished-at="2018-06-18T11:52:31Z">
    <groups>
    </groups>
    <test name="Default test" duration-ms="15581" started-at="2018-06-18T11:52:16Z" finished-at="2018-06-18T11:52:31Z">
      <class name="com.scripts.gridTest">
        <test-method status="PASS" signature="setup()[pri:0, instance:com.scripts.gridTest@4f7d0008]" name="setup" is-config="true" duration-ms="6751" started-at="2018-06-18T17:22:16Z" finished-at="2018-06-18T17:22:22Z">
          <reporter-output>
          </reporter-output>
        </test-method> <!-- setup -->
        <test-method status="PASS" signature="simpleTest()[pri:0, instance:com.scripts.gridTest@4f7d0008]" name="simpleTest" duration-ms="8819" started-at="2018-06-18T17:22:22Z" finished-at="2018-06-18T17:22:31Z">
          <reporter-output>
          </reporter-output>
        </test-method> <!-- simpleTest -->
      </class> <!-- com.scripts.gridTest -->
    </test> <!-- Default test -->
  </suite> <!-- Default suite -->
</testng-results>
